# JRE version: OpenJDK Runtime Environment Temurin-21.0.9+10 (21.0.9+10) (build 21.0.9+10-LTS)
# Java VM: OpenJDK 64-Bit Server VM Temurin-21.0.9+10 (21.0.9+10-LTS, mixed mode, sharing, tiered, compressed oops, compressed class ptrs, parallel gc, windows-amd64)
GC Precious Log:
 CardTable entry size: 512
 CPUs: 4 total, 4 available
 Memory: 7834M
 Large Page Support: Disabled
 NUMA Support: Disabled
 Compressed Oops: Enabled (32-bit)
 Alignments: Space 512K, Generation 512K, Heap 2M
 Heap Min Capacity: 100M
 Heap Initial Capacity: 100M
 Heap Max Capacity: 2G
 Pre-touch: Disabled
 Parallel Workers: 4
Heap:
 PSYoungGen      total 14336K, used 2551K [0x00000000d5580000, 0x00000000d6580000, 0x0000000100000000)
  eden space 13824K, 14% used [0x00000000d5580000,0x00000000d577dc58,0x00000000d6300000)
  from space 512K, 100% used [0x00000000d6500000,0x00000000d6580000,0x00000000d6580000)
  to   space 1024K, 0% used [0x00000000d6380000,0x00000000d6380000,0x00000000d6480000)
 ParOldGen       total 68608K, used 48625K [0x0000000080000000, 0x0000000084300000, 0x00000000d5580000)
  object space 68608K, 70% used [0x0000000080000000,0x0000000082f7c7e0,0x0000000084300000)
 Metaspace       used 71475K, committed 72960K, reserved 1114112K
  class space    used 8983K, committed 9664K, reserved 1048576K
GC Heap History (20 events):
Event: 47.240 GC heap before
{Heap before GC invocations=52 (full 3):
 PSYoungGen      total 16384K, used 16112K [0x00000000d5580000, 0x00000000d6900000, 0x0000000100000000)
  eden space 15872K, 100% used [0x00000000d5580000,0x00000000d6500000,0x00000000d6500000)
  from space 512K, 46% used [0x00000000d6880000,0x00000000d68bc010,0x00000000d6900000)
  to   space 512K, 0% used [0x00000000d6800000,0x00000000d6800000,0x00000000d6880000)
 ParOldGen       total 68608K, used 41089K [0x0000000080000000, 0x0000000084300000, 0x00000000d5580000)
  object space 68608K, 59% used [0x0000000080000000,0x0000000082820538,0x0000000084300000)
 Metaspace       used 62834K, committed 64192K, reserved 1114112K
  class space    used 7954K, committed 8576K, reserved 1048576K
}
Event: 47.241 GC heap after
{Heap after GC invocations=52 (full 3):
 PSYoungGen      total 16384K, used 480K [0x00000000d5580000, 0x00000000d6900000, 0x0000000100000000)
  eden space 15872K, 0% used [0x00000000d5580000,0x00000000d5580000,0x00000000d6500000)
  from space 512K, 93% used [0x00000000d6800000,0x00000000d6878010,0x00000000d6880000)
  to   space 512K, 0% used [0x00000000d6880000,0x00000000d6880000,0x00000000d6900000)
 ParOldGen       total 68608K, used 41321K [0x0000000080000000, 0x0000000084300000, 0x00000000d5580000)
  object space 68608K, 60% used [0x0000000080000000,0x000000008285a558,0x0000000084300000)
 Metaspace       used 62834K, committed 64192K, reserved 1114112K
  class space    used 7954K, committed 8576K, reserved 1048576K
}
Event: 60.714 GC heap before
{Heap before GC invocations=53 (full 3):
 PSYoungGen      total 16384K, used 16352K [0x00000000d5580000, 0x00000000d6900000, 0x0000000100000000)
  eden space 15872K, 100% used [0x00000000d5580000,0x00000000d6500000,0x00000000d6500000)
  from space 512K, 93% used [0x00000000d6800000,0x00000000d6878010,0x00000000d6880000)
  to   space 512K, 0% used [0x00000000d6880000,0x00000000d6880000,0x00000000d6900000)
 ParOldGen       total 68608K, used 41321K [0x0000000080000000, 0x0000000084300000, 0x00000000d5580000)
  object space 68608K, 60% used [0x0000000080000000,0x000000008285a558,0x0000000084300000)
 Metaspace       used 64415K, committed 65728K, reserved 1114112K
  class space    used 8156K, committed 8768K, reserved 1048576K
}
Event: 60.716 GC heap after
{Heap after GC invocations=53 (full 3):
 PSYoungGen      total 16384K, used 512K [0x00000000d5580000, 0x00000000d6900000, 0x0000000100000000)
  eden space 15872K, 0% used [0x00000000d5580000,0x00000000d5580000,0x00000000d6500000)
  from space 512K, 100% used [0x00000000d6880000,0x00000000d6900000,0x00000000d6900000)
  to   space 1536K, 0% used [0x00000000d6600000,0x00000000d6600000,0x00000000d6780000)
 ParOldGen       total 68608K, used 41889K [0x0000000080000000, 0x0000000084300000, 0x00000000d5580000)
  object space 68608K, 61% used [0x0000000080000000,0x00000000828e8568,0x0000000084300000)
 Metaspace       used 64415K, committed 65728K, reserved 1114112K
  class space    used 8156K, committed 8768K, reserved 1048576K
}
Event: 64.956 GC heap before
{Heap before GC invocations=54 (full 3):
 PSYoungGen      total 16384K, used 16376K [0x00000000d5580000, 0x00000000d6900000, 0x0000000100000000)
  eden space 15872K, 99% used [0x00000000d5580000,0x00000000d64fe2d0,0x00000000d6500000)
  from space 512K, 100% used [0x00000000d6880000,0x00000000d6900000,0x00000000d6900000)
  to   space 1536K, 0% used [0x00000000d6600000,0x00000000d6600000,0x00000000d6780000)
 ParOldGen       total 68608K, used 41889K [0x0000000080000000, 0x0000000084300000, 0x00000000d5580000)
  object space 68608K, 61% used [0x0000000080000000,0x00000000828e8568,0x0000000084300000)
 Metaspace       used 65136K, committed 66624K, reserved 1114112K
  class space    used 8240K, committed 8896K, reserved 1048576K
}
Event: 64.958 GC heap after
{Heap after GC invocations=54 (full 3):
 PSYoungGen      total 17408K, used 942K [0x00000000d5580000, 0x00000000d6900000, 0x0000000100000000)
  eden space 15872K, 0% used [0x00000000d5580000,0x00000000d5580000,0x00000000d6500000)
  from space 1536K, 61% used [0x00000000d6600000,0x00000000d66eba20,0x00000000d6780000)
  to   space 1024K, 0% used [0x00000000d6800000,0x00000000d6800000,0x00000000d6900000)
 ParOldGen       total 68608K, used 42380K [0x0000000080000000, 0x0000000084300000, 0x00000000d5580000)
  object space 68608K, 61% used [0x0000000080000000,0x00000000829630f8,0x0000000084300000)
 Metaspace       used 65136K, committed 66624K, reserved 1114112K
  class space    used 8240K, committed 8896K, reserved 1048576K
}
Event: 65.825 GC heap before
{Heap before GC invocations=55 (full 3):
 PSYoungGen      total 17408K, used 16814K [0x00000000d5580000, 0x00000000d6900000, 0x0000000100000000)
  eden space 15872K, 100% used [0x00000000d5580000,0x00000000d6500000,0x00000000d6500000)
  from space 1536K, 61% used [0x00000000d6600000,0x00000000d66eba20,0x00000000d6780000)
  to   space 1024K, 0% used [0x00000000d6800000,0x00000000d6800000,0x00000000d6900000)
 ParOldGen       total 68608K, used 42380K [0x0000000080000000, 0x0000000084300000, 0x00000000d5580000)
  object space 68608K, 61% used [0x0000000080000000,0x00000000829630f8,0x0000000084300000)
 Metaspace       used 66263K, committed 67776K, reserved 1114112K
  class space    used 8351K, committed 9024K, reserved 1048576K
}
Event: 65.828 GC heap after
{Heap after GC invocations=55 (full 3):
 PSYoungGen      total 14848K, used 1024K [0x00000000d5580000, 0x00000000d6f00000, 0x0000000100000000)
  eden space 13824K, 0% used [0x00000000d5580000,0x00000000d5580000,0x00000000d6300000)
  from space 1024K, 100% used [0x00000000d6800000,0x00000000d6900000,0x00000000d6900000)
  to   space 5120K, 0% used [0x00000000d6300000,0x00000000d6300000,0x00000000d6800000)
 ParOldGen       total 68608K, used 45743K [0x0000000080000000, 0x0000000084300000, 0x00000000d5580000)
  object space 68608K, 66% used [0x0000000080000000,0x0000000082cabfc0,0x0000000084300000)
 Metaspace       used 66263K, committed 67776K, reserved 1114112K
  class space    used 8351K, committed 9024K, reserved 1048576K
}
Event: 66.479 GC heap before
{Heap before GC invocations=56 (full 3):
 PSYoungGen      total 14848K, used 14848K [0x00000000d5580000, 0x00000000d6f00000, 0x0000000100000000)
  eden space 13824K, 100% used [0x00000000d5580000,0x00000000d6300000,0x00000000d6300000)
  from space 1024K, 100% used [0x00000000d6800000,0x00000000d6900000,0x00000000d6900000)
  to   space 5120K, 0% used [0x00000000d6300000,0x00000000d6300000,0x00000000d6800000)
 ParOldGen       total 68608K, used 45743K [0x0000000080000000, 0x0000000084300000, 0x00000000d5580000)
  object space 68608K, 66% used [0x0000000080000000,0x0000000082cabfc0,0x0000000084300000)
 Metaspace       used 68654K, committed 70144K, reserved 1114112K
  class space    used 8659K, committed 9344K, reserved 1048576K
}
Event: 66.481 GC heap after
{Heap after GC invocations=56 (full 3):
 PSYoungGen      total 14848K, used 890K [0x00000000d5580000, 0x00000000d6880000, 0x0000000100000000)
  eden space 13824K, 0% used [0x00000000d5580000,0x00000000d5580000,0x00000000d6300000)
  from space 1024K, 86% used [0x00000000d6300000,0x00000000d63deb38,0x00000000d6400000)
  to   space 2560K, 0% used [0x00000000d6600000,0x00000000d6600000,0x00000000d6880000)
 ParOldGen       total 68608K, used 46777K [0x0000000080000000, 0x0000000084300000, 0x00000000d5580000)
  object space 68608K, 68% used [0x0000000080000000,0x0000000082dae520,0x0000000084300000)
 Metaspace       used 68654K, committed 70144K, reserved 1114112K
  class space    used 8659K, committed 9344K, reserved 1048576K
}
Event: 70.766 GC heap before
{Heap before GC invocations=57 (full 3):
 PSYoungGen      total 14848K, used 14711K [0x00000000d5580000, 0x00000000d6880000, 0x0000000100000000)
  eden space 13824K, 99% used [0x00000000d5580000,0x00000000d62ff4a0,0x00000000d6300000)
  from space 1024K, 86% used [0x00000000d6300000,0x00000000d63deb38,0x00000000d6400000)
  to   space 2560K, 0% used [0x00000000d6600000,0x00000000d6600000,0x00000000d6880000)
 ParOldGen       total 68608K, used 46777K [0x0000000080000000, 0x0000000084300000, 0x00000000d5580000)
  object space 68608K, 68% used [0x0000000080000000,0x0000000082dae520,0x0000000084300000)
 Metaspace       used 69750K, committed 71232K, reserved 1114112K
  class space    used 8783K, committed 9472K, reserved 1048576K
}
Event: 70.770 GC heap after
{Heap after GC invocations=57 (full 3):
 PSYoungGen      total 14848K, used 608K [0x00000000d5580000, 0x00000000d6700000, 0x0000000100000000)
  eden space 13824K, 0% used [0x00000000d5580000,0x00000000d5580000,0x00000000d6300000)
  from space 1024K, 59% used [0x00000000d6600000,0x00000000d6698010,0x00000000d6700000)
  to   space 1024K, 0% used [0x00000000d6300000,0x00000000d6300000,0x00000000d6400000)
 ParOldGen       total 68608K, used 47596K [0x0000000080000000, 0x0000000084300000, 0x00000000d5580000)
  object space 68608K, 69% used [0x0000000080000000,0x0000000082e7b058,0x0000000084300000)
 Metaspace       used 69750K, committed 71232K, reserved 1114112K
  class space    used 8783K, committed 9472K, reserved 1048576K
}
Event: 72.255 GC heap before
{Heap before GC invocations=58 (full 3):
 PSYoungGen      total 14848K, used 14432K [0x00000000d5580000, 0x00000000d6700000, 0x0000000100000000)
  eden space 13824K, 99% used [0x00000000d5580000,0x00000000d62ffff8,0x00000000d6300000)
  from space 1024K, 59% used [0x00000000d6600000,0x00000000d6698010,0x00000000d6700000)
  to   space 1024K, 0% used [0x00000000d6300000,0x00000000d6300000,0x00000000d6400000)
 ParOldGen       total 68608K, used 47596K [0x0000000080000000, 0x0000000084300000, 0x00000000d5580000)
  object space 68608K, 69% used [0x0000000080000000,0x0000000082e7b058,0x0000000084300000)
 Metaspace       used 69962K, committed 71360K, reserved 1114112K
  class space    used 8811K, committed 9472K, reserved 1048576K
}
Event: 72.256 GC heap after
{Heap after GC invocations=58 (full 3):
 PSYoungGen      total 14848K, used 390K [0x00000000d5580000, 0x00000000d6680000, 0x0000000100000000)
  eden space 13824K, 0% used [0x00000000d5580000,0x00000000d5580000,0x00000000d6300000)
  from space 1024K, 38% used [0x00000000d6300000,0x00000000d6361a10,0x00000000d6400000)
  to   space 1024K, 0% used [0x00000000d6580000,0x00000000d6580000,0x00000000d6680000)
 ParOldGen       total 68608K, used 47936K [0x0000000080000000, 0x0000000084300000, 0x00000000d5580000)
  object space 68608K, 69% used [0x0000000080000000,0x0000000082ed0088,0x0000000084300000)
 Metaspace       used 69962K, committed 71360K, reserved 1114112K
  class space    used 8811K, committed 9472K, reserved 1048576K
}
Event: 72.659 GC heap before
{Heap before GC invocations=59 (full 3):
 PSYoungGen      total 14848K, used 14214K [0x00000000d5580000, 0x00000000d6680000, 0x0000000100000000)
  eden space 13824K, 100% used [0x00000000d5580000,0x00000000d6300000,0x00000000d6300000)
  from space 1024K, 38% used [0x00000000d6300000,0x00000000d6361a10,0x00000000d6400000)
  to   space 1024K, 0% used [0x00000000d6580000,0x00000000d6580000,0x00000000d6680000)
 ParOldGen       total 68608K, used 47936K [0x0000000080000000, 0x0000000084300000, 0x00000000d5580000)
  object space 68608K, 69% used [0x0000000080000000,0x0000000082ed0088,0x0000000084300000)
 Metaspace       used 70958K, committed 72448K, reserved 1114112K
  class space    used 8936K, committed 9600K, reserved 1048576K
}
Event: 72.660 GC heap after
{Heap after GC invocations=59 (full 3):
 PSYoungGen      total 14848K, used 856K [0x00000000d5580000, 0x00000000d6680000, 0x0000000100000000)
  eden space 13824K, 0% used [0x00000000d5580000,0x00000000d5580000,0x00000000d6300000)
  from space 1024K, 83% used [0x00000000d6580000,0x00000000d66561a8,0x00000000d6680000)
  to   space 1024K, 0% used [0x00000000d6300000,0x00000000d6300000,0x00000000d6400000)
 ParOldGen       total 68608K, used 48200K [0x0000000080000000, 0x0000000084300000, 0x00000000d5580000)
  object space 68608K, 70% used [0x0000000080000000,0x0000000082f12300,0x0000000084300000)
 Metaspace       used 70958K, committed 72448K, reserved 1114112K
  class space    used 8936K, committed 9600K, reserved 1048576K
}
Event: 73.477 GC heap before
{Heap before GC invocations=60 (full 3):
 PSYoungGen      total 14848K, used 14680K [0x00000000d5580000, 0x00000000d6680000, 0x0000000100000000)
  eden space 13824K, 100% used [0x00000000d5580000,0x00000000d6300000,0x00000000d6300000)
  from space 1024K, 83% used [0x00000000d6580000,0x00000000d66561a8,0x00000000d6680000)
  to   space 1024K, 0% used [0x00000000d6300000,0x00000000d6300000,0x00000000d6400000)
 ParOldGen       total 68608K, used 48200K [0x0000000080000000, 0x0000000084300000, 0x00000000d5580000)
  object space 68608K, 70% used [0x0000000080000000,0x0000000082f12300,0x0000000084300000)
 Metaspace       used 71171K, committed 72640K, reserved 1114112K
  class space    used 8947K, committed 9600K, reserved 1048576K
}
Event: 73.480 GC heap after
{Heap after GC invocations=60 (full 3):
 PSYoungGen      total 14848K, used 867K [0x00000000d5580000, 0x00000000d6600000, 0x0000000100000000)
  eden space 13824K, 0% used [0x00000000d5580000,0x00000000d5580000,0x00000000d6300000)
  from space 1024K, 84% used [0x00000000d6300000,0x00000000d63d8d88,0x00000000d6400000)
  to   space 1024K, 0% used [0x00000000d6500000,0x00000000d6500000,0x00000000d6600000)
 ParOldGen       total 68608K, used 48491K [0x0000000080000000, 0x0000000084300000, 0x00000000d5580000)
  object space 68608K, 70% used [0x0000000080000000,0x0000000082f5ad70,0x0000000084300000)
 Metaspace       used 71171K, committed 72640K, reserved 1114112K
  class space    used 8947K, committed 9600K, reserved 1048576K
}
Event: 326.731 GC heap before
{Heap before GC invocations=61 (full 3):
 PSYoungGen      total 14848K, used 14691K [0x00000000d5580000, 0x00000000d6600000, 0x0000000100000000)
  eden space 13824K, 100% used [0x00000000d5580000,0x00000000d6300000,0x00000000d6300000)
  from space 1024K, 84% used [0x00000000d6300000,0x00000000d63d8d88,0x00000000d6400000)
  to   space 1024K, 0% used [0x00000000d6500000,0x00000000d6500000,0x00000000d6600000)
 ParOldGen       total 68608K, used 48491K [0x0000000080000000, 0x0000000084300000, 0x00000000d5580000)
  object space 68608K, 70% used [0x0000000080000000,0x0000000082f5ad70,0x0000000084300000)
 Metaspace       used 71403K, committed 72960K, reserved 1114112K
  class space    used 8979K, committed 9664K, reserved 1048576K
}
Event: 326.733 GC heap after
{Heap after GC invocations=61 (full 3):
 PSYoungGen      total 14336K, used 512K [0x00000000d5580000, 0x00000000d6580000, 0x0000000100000000)
  eden space 13824K, 0% used [0x00000000d5580000,0x00000000d5580000,0x00000000d6300000)
  from space 512K, 100% used [0x00000000d6500000,0x00000000d6580000,0x00000000d6580000)
  to   space 1024K, 0% used [0x00000000d6380000,0x00000000d6380000,0x00000000d6480000)
 ParOldGen       total 68608K, used 48625K [0x0000000080000000, 0x0000000084300000, 0x00000000d5580000)
  object space 68608K, 70% used [0x0000000080000000,0x0000000082f7c7e0,0x0000000084300000)
 Metaspace       used 71403K, committed 72960K, reserved 1114112K
  class space    used 8979K, committed 9664K, reserved 1048576K
}

